no supported audio backends on this system!
Please create an issue on https://github.com/sjmikler/playsound3/issues.
INFO:conversation_engine:Using advanced NLP mode
INFO:perplexity_service:PerplexityService initialized with model: sonar-pro
INFO:root:Perplexity API initialized successfully
INFO:memory_engine:Loaded 57 memory entries.
INFO:advanced_learning:Advanced Learning System initialized
INFO:sonny_learning_coordinator:Sonny Learning Coordinator initialized
INFO:brain:‚úÖ ai_learning_engine imported successfully
INFO:memory_engine:Loaded 57 memory entries.
INFO:conversation_engine:Conversation engine initialized
INFO:brain:Sonny initialized successfully with memory file: ./memory/memory_store.json
INFO:perplexity_service:PerplexityService initialized with model: sonar-pro
INFO:memory_engine:Loaded 57 memory entries.
INFO:memory_engine:No existing memory file found, starting fresh.
INFO:conversation_engine:Conversation engine initialized
INFO:sonny_identity:‚úÖ Sonny initialized with memory engine at: ./memory/daily
INFO:conversation_bridge:Conversation Bridge initialized with persona: default
INFO:conversation_bridge:Conversation Bridge initialized with persona: default

üéØ Starting Sonny System Integration Test...
üìÖ 2025-10-12 16:38:58.369355

‚ïî‚ïê‚ïê‚ïê‚ïê‚ïê‚ïê‚ïê‚ïê‚ïê‚ïê‚ïê‚ïê‚ïê‚ïê‚ïê‚ïê‚ïê‚ïê‚ïê‚ïê‚ïê‚ïê‚ïê‚ïê‚ïê‚ïê‚ïê‚ïê‚ïê‚ïê‚ïê‚ïê‚ïê‚ïê‚ïê‚ïê‚ïê‚ïê‚ïê‚ïê‚ïê‚ïê‚ïê‚ïê‚ïê‚ïê‚ïê‚ïê‚ïê‚ïê‚ïê‚ïê‚ïê‚ïê‚ïê‚ïê‚ïê‚ïê‚ïê‚ïó
‚ïë          DEREK CONSCIOUSNESS INTEGRATION TEST             ‚ïë
‚ïë                                                           ‚ïë
‚ïë  "Every module makes Sonny who he is"                    ‚ïë
‚ïë                                                           ‚ïë
‚ïë  Testing all 98 modules for proper integration...        ‚ïë
‚ïö‚ïê‚ïê‚ïê‚ïê‚ïê‚ïê‚ïê‚ïê‚ïê‚ïê‚ïê‚ïê‚ïê‚ïê‚ïê‚ïê‚ïê‚ïê‚ïê‚ïê‚ïê‚ïê‚ïê‚ïê‚ïê‚ïê‚ïê‚ïê‚ïê‚ïê‚ïê‚ïê‚ïê‚ïê‚ïê‚ïê‚ïê‚ïê‚ïê‚ïê‚ïê‚ïê‚ïê‚ïê‚ïê‚ïê‚ïê‚ïê‚ïê‚ïê‚ïê‚ïê‚ïê‚ïê‚ïê‚ïê‚ïê‚ïê‚ïê‚ïù


üß† TESTING CORE CONSCIOUSNESS...

============================================================
Testing: sonny_ultimate_voice
============================================================
‚úÖ PASSED - Module imports successfully

============================================================
Testing: brain
============================================================
‚úÖ PASSED - Module imports successfully

============================================================
Testing: sonny_autonomous_system
============================================================
‚úÖ PASSED - Module imports successfully

============================================================
Testing: sonny_identity
============================================================
‚úÖ PASSED - Module imports successfully

üéØ TESTING REASONING & INTELLIGENCE...

============================================================
Testing: reasoning_engine
============================================================
‚úÖ PASSED - Module imports successfully

============================================================
Testing: intent_engine
============================================================
‚úÖ PASSED - Module imports successfully

============================================================
Testing: reflective_planner
============================================================
‚úÖ PASSED - Module imports successfully

============================================================
Testing: cognitive_bridge
============================================================
‚úÖ PASSED - Module imports successfully

============================================================
Testing: nlu_core
============================================================
‚úÖ PASSED - Module imports successfully

============================================================
Testing: input_analyzer
============================================================
‚úÖ PASSED - Module imports successfully

üìö TESTING LEARNING SYSTEMS...

============================================================
Testing: ai_learning_engine
============================================================
‚úÖ PASSED - Module imports successfully

============================================================
Testing: advanced_learning
============================================================
‚úÖ PASSED - Module imports successfully

============================================================
Testing: sonny_learning_coordinator
============================================================
‚úÖ PASSED - Module imports successfully

============================================================
Testing: learning_analytics
============================================================
‚ùå FAILED - Import Error
   No module named 'services'

============================================================
Testing: learning_utils
============================================================
‚úÖ PASSED - Module imports successfully

============================================================
Testing: knowledge_engine
============================================================
‚úÖ PASSED - Module imports successfully

============================================================
Testing: knowledge_integration
============================================================
‚úÖ PASSED - Module imports successfully

üóÉÔ∏è  TESTING MEMORY SYSTEMS (9 Years)...

============================================================
Testing: memory_engine
============================================================
‚úÖ PASSED - Module imports successfully

============================================================
Testing: memory_manager
============================================================
‚úÖ PASSED - Module imports successfully

============================================================
Testing: memory_router
============================================================
‚úÖ PASSED - Module imports successfully

============================================================
Testing: memory_hook
============================================================
‚úÖ PASSED - Module imports successfully

============================================================
Testing: memory
============================================================
‚úÖ PASSED - Module imports successfully

‚ù§Ô∏è  TESTING EMOTIONAL INTELLIGENCE...

============================================================
Testing: tone_manager
============================================================
‚úÖ PASSED - Module imports successfully

============================================================
Testing: emotion
============================================================
‚úÖ PASSED - Module imports successfully

============================================================
Testing: behavioral_interpreter
============================================================
‚úÖ PASSED - Module imports successfully

============================================================
Testing: behaviors_interpreter
============================================================
‚úÖ PASSED - Module imports successfully

============================================================
Testing: behavior_capturer
============================================================
‚ùå FAILED - Import Error
   libGL.so.1: cannot open shared object file: No such file or directory

============================================================
Testing: adaptive_conversation
============================================================
‚úÖ PASSED - Module imports successfully

‚è±Ô∏è  TESTING TEMPORAL SYSTEMS...

============================================================
Testing: engine_temporal
============================================================
‚úÖ PASSED - Module imports successfully

============================================================
Testing: alphavox_temporal
============================================================
‚ùå FAILED - Import Error
   PortAudio library not found

============================================================
Testing: audio_pattern_service
============================================================
‚ùå FAILED - Import Error
   PortAudio library not found

üëÅÔ∏è  TESTING VISION SYSTEMS...

============================================================
Testing: vision_engine
============================================================
‚ùå FAILED - Import Error
   libGL.so.1: cannot open shared object file: No such file or directory

============================================================
Testing: facial_gesture_service
============================================================
‚ùå FAILED - Import Error
   libGL.so.1: cannot open shared object file: No such file or directory

============================================================
Testing: real_eye_tracking
============================================================
‚ùå FAILED - Import Error
   libGL.so.1: cannot open shared object file: No such file or directory

============================================================
Testing: eye_tracking_api
============================================================
‚úÖ PASSED - Module imports successfully

üéôÔ∏è  TESTING SPEECH SYSTEMS...

============================================================
Testing: advanced_tts_service
============================================================
INFO:loop:Event loop initialized
‚úÖ PASSED - Module imports successfully

============================================================
Testing: alphavox_speech_module
============================================================
‚ùå FAILED - Import Error
   PortAudio library not found

============================================================
Testing: enhanced_speech_recognition
============================================================
‚úÖ PASSED - Module imports successfully

============================================================
Testing: real_speech_recognition
============================================================
‚ùå FAILED - Import Error
   PortAudio library not found

============================================================
Testing: audio_processor
============================================================
‚ùå FAILED - Import Error
   PortAudio library not found

============================================================
Testing: voice_analysis_service
============================================================
‚úÖ PASSED - Module imports successfully

ü§≤ TESTING GESTURE SYSTEMS...

============================================================
Testing: gesture_manager
============================================================
‚úÖ PASSED - Module imports successfully

============================================================
Testing: gesture_dictionary
============================================================
‚úÖ PASSED - Module imports successfully

============================================================
Testing: nonverbal_expertiser
============================================================
‚úÖ PASSED - Module imports successfully

üí¨ TESTING CONVERSATION SYSTEMS...

============================================================
Testing: conversation_engine
============================================================
‚úÖ PASSED - Module imports successfully

============================================================
Testing: conversation_bridge
============================================================
‚úÖ PASSED - Module imports successfully

============================================================
Testing: conversation_loop
============================================================
‚ùå FAILED - Import Error
   No module named 'speech_recognition_engine'

üåê TESTING LANGUAGE SYSTEMS...

============================================================
Testing: language_service
============================================================
‚úÖ PASSED - Module imports successfully

============================================================
Testing: nlp_module
============================================================
‚úÖ PASSED - Module imports successfully

============================================================
Testing: nlp_integration
============================================================
‚úÖ PASSED - Module imports successfully

üåç TESTING INTERNET CAPABILITIES...

============================================================
Testing: internet_mode
============================================================
‚úÖ PASSED - Module imports successfully

============================================================
Testing: Python_Internet_access
============================================================
Failed to access https://openai.com/blog. Error: 403 Client Error: Forbidden for url: https://openai.com/blog
‚úÖ PASSED - Module imports successfully

============================================================
Testing: perplexity_service
============================================================
‚úÖ PASSED - Module imports successfully

üîß TESTING SELF-MODIFICATION...

============================================================
Testing: self_modifying_code
============================================================
‚úÖ PASSED - Module imports successfully

============================================================
Testing: executor
============================================================
‚úÖ PASSED - Module imports successfully

============================================================
Testing: interpreter
============================================================
‚úÖ PASSED - Module imports successfully

üåê TESTING WEB INTERFACES...

============================================================
Testing: app
============================================================
‚ùå FAILED - Import Error
   No module named 'services'

============================================================
Testing: api
============================================================
‚ùå FAILED - Import Error
   name 'LOADER_DIR' is not defined

============================================================
Testing: endpoints
============================================================
‚úÖ PASSED - Module imports successfully

============================================================
Testing: sonny_ui
============================================================
‚úÖ PASSED - Module imports successfully

============================================================
Testing: middleware
============================================================
‚úÖ PASSED - Module imports successfully

üõ†Ô∏è  TESTING UTILITIES...

============================================================
Testing: helpers
============================================================
‚úÖ PASSED - Module imports successfully

============================================================
Testing: logger
============================================================
‚úÖ PASSED - Module imports successfully

============================================================
Testing: json_guardian
============================================================
‚úÖ PASSED - Module imports successfully

============================================================
Testing: boot_guardian
============================================================
‚úÖ PASSED - Module imports successfully

============================================================
Testing: db
============================================================
‚ùå FAILED - Import Error
   No module named 'database'

‚è∞ TESTING SCHEDULERS...

============================================================
Testing: action_scheduler
============================================================
‚úÖ PASSED - Module imports successfully

============================================================
Testing: dispatcher
============================================================
‚ùå FAILED - Import Error
   No module named 'core'

============================================================
Testing: loop
============================================================
‚úÖ PASSED - Module imports successfully

üîó TESTING INTEGRATIONS...

============================================================
Testing: github_integration
============================================================
‚ùå FAILED - Import Error
   name 'LOADER_DIR' is not defined

============================================================
Testing: replit_mcp_server
============================================================
‚ùå FAILED - Import Error
   No module named 'mcp'

============================================================
Testing: moldbit
============================================================
‚ùå FAILED - Import Error
   cannot import name 'load_image' from partially initialized module 'moldbit' (most likely due to a circular import) (/workspaces/SonnyC/moldbit.py)

üìä TESTING ANALYTICS...

============================================================
Testing: analytics_engine
============================================================
‚úÖ PASSED - Module imports successfully

üöÄ TESTING BOOT SYSTEMS...

============================================================
Testing: sonny_boot
============================================================
‚úÖ PASSED - Module imports successfully

============================================================
Testing: sonny_autonomy_boot
============================================================
‚úÖ PASSED - Module imports successfully

============================================================
Testing: main
============================================================
‚úÖ PASSED - Module imports successfully

üë®‚Äçüë©‚Äçüëß‚Äçüë¶ TESTING ALPHAVOX FAMILY...

============================================================
Testing: alpha_interface
============================================================
‚úÖ PASSED - Module imports successfully

ü§ù TESTING FACE-TO-FACE MODE...

============================================================
Testing: face_to_face
============================================================
‚ùå FAILED - Import Error
   libGL.so.1: cannot open shared object file: No such file or directory


############################################################
DEREK SYSTEM TEST SUMMARY
############################################################
Total Modules Tested: 78
‚úÖ Passed: 59
‚ö†Ô∏è  Warnings: 0
‚ùå Failed: 19

Success Rate: 75.6%

============================================================
FAILED MODULES (Need Attention):
============================================================

‚ùå learning_analytics
   Error: No module named 'services'...

‚ùå behavior_capturer
   Error: libGL.so.1: cannot open shared object file: No such file or directory...

‚ùå alphavox_temporal
   Error: PortAudio library not found...

‚ùå audio_pattern_service
   Error: PortAudio library not found...

‚ùå vision_engine
   Error: libGL.so.1: cannot open shared object file: No such file or directory...

‚ùå facial_gesture_service
   Error: libGL.so.1: cannot open shared object file: No such file or directory...

‚ùå real_eye_tracking
   Error: libGL.so.1: cannot open shared object file: No such file or directory...

‚ùå alphavox_speech_module
   Error: PortAudio library not found...

‚ùå real_speech_recognition
   Error: PortAudio library not found...

‚ùå audio_processor
   Error: PortAudio library not found...

‚ùå conversation_loop
   Error: No module named 'speech_recognition_engine'...

‚ùå app
   Error: No module named 'services'...

‚ùå api
   Error: name 'LOADER_DIR' is not defined...

‚ùå db
   Error: No module named 'database'...

‚ùå dispatcher
   Error: No module named 'core'...

‚ùå github_integration
   Error: name 'LOADER_DIR' is not defined...

‚ùå replit_mcp_server
   Error: No module named 'mcp'...

‚ùå moldbit
   Error: cannot import name 'load_image' from partially initialized module 'moldbit' (most likely due to a ci...

‚ùå face_to_face
   Error: libGL.so.1: cannot open shared object file: No such file or directory...

üìÑ Full report saved to: DEREK_SYSTEM_TEST_20251012_163916.txt

‚ö†Ô∏è  Some modules need attention!
